This is pdfTeX, Version 3.14159265-2.6-1.40.21 (TeX Live 2020) (preloaded format=pdflatex 2020.4.7)  26 SEP 2025 09:39
entering extended mode
 restricted \write18 enabled.
 %&-line parsing enabled.
**appendix.tex
(./appendix.tex
LaTeX2e <2020-02-02> patch level 5
L3 programming layer <2020-03-06> (./elsarticle.cls
Document Class: elsarticle 2020/11/20, 3.3: Elsevier Ltd
(/usr/local/texlive/2020/texmf-dist/tex/latex/l3kernel/expl3.sty
Package: expl3 2020-03-06 L3 programming layer (loader) 

(/usr/local/texlive/2020/texmf-dist/tex/latex/l3backend/l3backend-pdfmode.def
File: l3backend-pdfmode.def 2020-03-12 L3 backend support: PDF mode
\l__kernel_color_stack_int=\count167
\l__pdf_internal_box=\box45
)) (/usr/local/texlive/2020/texmf-dist/tex/latex/l3packages/xparse/xparse.sty
Package: xparse 2020-03-06 L3 Experimental document command parser
\l__xparse_current_arg_int=\count168
\g__xparse_grabber_int=\count169
\l__xparse_m_args_int=\count170
\l__xparse_v_nesting_int=\count171
)
(/usr/local/texlive/2020/texmf-dist/tex/latex/etoolbox/etoolbox.sty
Package: etoolbox 2019/09/21 v2.5h e-TeX tools for LaTeX (JAW)
\etb@tempcnta=\count172
)
\@bls=\dimen134

(/usr/local/texlive/2020/texmf-dist/tex/latex/base/article.cls
Document Class: article 2019/12/20 v1.4l Standard LaTeX document class
(/usr/local/texlive/2020/texmf-dist/tex/latex/base/size10.clo
File: size10.clo 2019/12/20 v1.4l Standard LaTeX file (size option)
)
\c@part=\count173
\c@section=\count174
\c@subsection=\count175
\c@subsubsection=\count176
\c@paragraph=\count177
\c@subparagraph=\count178
\c@figure=\count179
\c@table=\count180
\abovecaptionskip=\skip47
\belowcaptionskip=\skip48
\bibindent=\dimen135
)
(/usr/local/texlive/2020/texmf-dist/tex/latex/graphics/graphicx.sty
Package: graphicx 2019/11/30 v1.2a Enhanced LaTeX Graphics (DPC,SPQR)

(/usr/local/texlive/2020/texmf-dist/tex/latex/graphics/keyval.sty
Package: keyval 2014/10/28 v1.15 key=value parser (DPC)
\KV@toks@=\toks15
)
(/usr/local/texlive/2020/texmf-dist/tex/latex/graphics/graphics.sty
Package: graphics 2019/11/30 v1.4a Standard LaTeX Graphics (DPC,SPQR)

(/usr/local/texlive/2020/texmf-dist/tex/latex/graphics/trig.sty
Package: trig 2016/01/03 v1.10 sin cos tan (DPC)
)
(/usr/local/texlive/2020/texmf-dist/tex/latex/graphics-cfg/graphics.cfg
File: graphics.cfg 2016/06/04 v1.11 sample graphics configuration
)
Package graphics Info: Driver file: pdftex.def on input line 105.

(/usr/local/texlive/2020/texmf-dist/tex/latex/graphics-def/pdftex.def
File: pdftex.def 2018/01/08 v1.0l Graphics/color driver for pdftex
))
\Gin@req@height=\dimen136
\Gin@req@width=\dimen137
)
\c@tnote=\count181
\c@fnote=\count182
\c@cnote=\count183
\c@ead=\count184
\c@author=\count185
\@eadauthor=\toks16
\c@affn=\count186
\absbox=\box46
\elsarticlehighlightsbox=\box47
\elsarticlegrabsbox=\box48
\keybox=\box49
\Columnwidth=\dimen138
\space@left=\dimen139
\els@boxa=\box50
\els@boxb=\box51
\leftMargin=\dimen140
\@enLab=\toks17
\@sep=\skip49
\@@sep=\skip50

(./appendix.spl)
(/usr/local/texlive/2020/texmf-dist/tex/latex/natbib/natbib.sty
Package: natbib 2010/09/13 8.31b (PWD, AO)
\bibhang=\skip51
\bibsep=\skip52
LaTeX Info: Redefining \cite on input line 694.
\c@NAT@ctr=\count187
)
\splwrite=\write3
\openout3 = `appendix.spl'.


(/usr/local/texlive/2020/texmf-dist/tex/latex/geometry/geometry.sty
Package: geometry 2020/01/02 v5.9 Page Geometry

(/usr/local/texlive/2020/texmf-dist/tex/generic/iftex/ifvtex.sty
Package: ifvtex 2019/10/25 v1.7 ifvtex legacy package. Use iftex instead.

(/usr/local/texlive/2020/texmf-dist/tex/generic/iftex/iftex.sty
Package: iftex 2020/03/06 v1.0d TeX engine tests
))
\Gm@cnth=\count188
\Gm@cntv=\count189
\c@Gm@tempcnt=\count190
\Gm@bindingoffset=\dimen141
\Gm@wd@mp=\dimen142
\Gm@odd@mp=\dimen143
\Gm@even@mp=\dimen144
\Gm@layoutwidth=\dimen145
\Gm@layoutheight=\dimen146
\Gm@layouthoffset=\dimen147
\Gm@layoutvoffset=\dimen148
\Gm@dimlist=\toks18
)
\appnamewidth=\dimen149
)
(/usr/local/texlive/2020/texmf-dist/tex/latex/amsmath/amsmath.sty
Package: amsmath 2020/01/20 v2.17e AMS math features
\@mathmargin=\skip53

For additional information on amsmath, use the `?' option.
(/usr/local/texlive/2020/texmf-dist/tex/latex/amsmath/amstext.sty
Package: amstext 2000/06/29 v2.01 AMS text

(/usr/local/texlive/2020/texmf-dist/tex/latex/amsmath/amsgen.sty
File: amsgen.sty 1999/11/30 v2.0 generic functions
\@emptytoks=\toks19
\ex@=\dimen150
))
(/usr/local/texlive/2020/texmf-dist/tex/latex/amsmath/amsbsy.sty
Package: amsbsy 1999/11/29 v1.2d Bold Symbols
\pmbraise@=\dimen151
)
(/usr/local/texlive/2020/texmf-dist/tex/latex/amsmath/amsopn.sty
Package: amsopn 2016/03/08 v2.02 operator names
)
\inf@bad=\count191
LaTeX Info: Redefining \frac on input line 227.
\uproot@=\count192
\leftroot@=\count193
LaTeX Info: Redefining \overline on input line 389.
\classnum@=\count194
\DOTSCASE@=\count195
LaTeX Info: Redefining \ldots on input line 486.
LaTeX Info: Redefining \dots on input line 489.
LaTeX Info: Redefining \cdots on input line 610.
\Mathstrutbox@=\box52
\strutbox@=\box53
\big@size=\dimen152
LaTeX Font Info:    Redeclaring font encoding OML on input line 733.
LaTeX Font Info:    Redeclaring font encoding OMS on input line 734.
\macc@depth=\count196
\c@MaxMatrixCols=\count197
\dotsspace@=\muskip16
\c@parentequation=\count198
\dspbrk@lvl=\count199
\tag@help=\toks20
\row@=\count266
\column@=\count267
\maxfields@=\count268
\andhelp@=\toks21
\eqnshift@=\dimen153
\alignsep@=\dimen154
\tagshift@=\dimen155
\tagwidth@=\dimen156
\totwidth@=\dimen157
\lineht@=\dimen158
\@envbody=\toks22
\multlinegap=\skip54
\multlinetaggap=\skip55
\mathdisplay@stack=\toks23
LaTeX Info: Redefining \[ on input line 2859.
LaTeX Info: Redefining \] on input line 2860.
)
(/usr/local/texlive/2020/texmf-dist/tex/latex/amsfonts/amssymb.sty
Package: amssymb 2013/01/14 v3.01 AMS font symbols

(/usr/local/texlive/2020/texmf-dist/tex/latex/amsfonts/amsfonts.sty
Package: amsfonts 2013/01/14 v3.01 Basic AMSFonts support
\symAMSa=\mathgroup4
\symAMSb=\mathgroup5
LaTeX Font Info:    Redeclaring math symbol \hbar on input line 98.
LaTeX Font Info:    Overwriting math alphabet `\mathfrak' in version `bold'
(Font)                  U/euf/m/n --> U/euf/b/n on input line 106.
))
(/usr/local/texlive/2020/texmf-dist/tex/latex/base/fontenc.sty
Package: fontenc 2020/02/11 v2.0o Standard LaTeX package
)
(/usr/local/texlive/2020/texmf-dist/tex/latex/base/inputenc.sty
Package: inputenc 2018/08/11 v1.3c Input encoding file
\inpenc@prehook=\toks24
\inpenc@posthook=\toks25
)
(/usr/local/texlive/2020/texmf-dist/tex/latex/base/textcomp.sty
Package: textcomp 2020/02/02 v2.0n Standard LaTeX package
)
(/usr/local/texlive/2020/texmf-dist/tex/latex/lm/lmodern.sty
Package: lmodern 2009/10/30 v1.6 Latin Modern Fonts
LaTeX Font Info:    Overwriting symbol font `operators' in version `normal'
(Font)                  OT1/cmr/m/n --> OT1/lmr/m/n on input line 22.
LaTeX Font Info:    Overwriting symbol font `letters' in version `normal'
(Font)                  OML/cmm/m/it --> OML/lmm/m/it on input line 23.
LaTeX Font Info:    Overwriting symbol font `symbols' in version `normal'
(Font)                  OMS/cmsy/m/n --> OMS/lmsy/m/n on input line 24.
LaTeX Font Info:    Overwriting symbol font `largesymbols' in version `normal'
(Font)                  OMX/cmex/m/n --> OMX/lmex/m/n on input line 25.
LaTeX Font Info:    Overwriting symbol font `operators' in version `bold'
(Font)                  OT1/cmr/bx/n --> OT1/lmr/bx/n on input line 26.
LaTeX Font Info:    Overwriting symbol font `letters' in version `bold'
(Font)                  OML/cmm/b/it --> OML/lmm/b/it on input line 27.
LaTeX Font Info:    Overwriting symbol font `symbols' in version `bold'
(Font)                  OMS/cmsy/b/n --> OMS/lmsy/b/n on input line 28.
LaTeX Font Info:    Overwriting symbol font `largesymbols' in version `bold'
(Font)                  OMX/cmex/m/n --> OMX/lmex/m/n on input line 29.
LaTeX Font Info:    Overwriting math alphabet `\mathbf' in version `normal'
(Font)                  OT1/cmr/bx/n --> OT1/lmr/bx/n on input line 31.
LaTeX Font Info:    Overwriting math alphabet `\mathsf' in version `normal'
(Font)                  OT1/cmss/m/n --> OT1/lmss/m/n on input line 32.
LaTeX Font Info:    Overwriting math alphabet `\mathit' in version `normal'
(Font)                  OT1/cmr/m/it --> OT1/lmr/m/it on input line 33.
LaTeX Font Info:    Overwriting math alphabet `\mathtt' in version `normal'
(Font)                  OT1/cmtt/m/n --> OT1/lmtt/m/n on input line 34.
LaTeX Font Info:    Overwriting math alphabet `\mathbf' in version `bold'
(Font)                  OT1/cmr/bx/n --> OT1/lmr/bx/n on input line 35.
LaTeX Font Info:    Overwriting math alphabet `\mathsf' in version `bold'
(Font)                  OT1/cmss/bx/n --> OT1/lmss/bx/n on input line 36.
LaTeX Font Info:    Overwriting math alphabet `\mathit' in version `bold'
(Font)                  OT1/cmr/bx/it --> OT1/lmr/bx/it on input line 37.
LaTeX Font Info:    Overwriting math alphabet `\mathtt' in version `bold'
(Font)                  OT1/cmtt/m/n --> OT1/lmtt/m/n on input line 38.
)
(/usr/local/texlive/2020/texmf-dist/tex/latex/upquote/upquote.sty
Package: upquote 2012/04/19 v1.3 upright-quote and grave-accent glyphs in verba
tim
)
(/usr/local/texlive/2020/texmf-dist/tex/latex/microtype/microtype.sty
Package: microtype 2019/11/18 v2.7d Micro-typographical refinements (RS)
\MT@toks=\toks26
\MT@count=\count269
LaTeX Info: Redefining \textls on input line 790.
\MT@outer@kern=\dimen159
LaTeX Info: Redefining \textmicrotypecontext on input line 1354.
\MT@listname@count=\count270

(/usr/local/texlive/2020/texmf-dist/tex/latex/microtype/microtype-pdftex.def
File: microtype-pdftex.def 2019/11/18 v2.7d Definitions specific to pdftex (RS)

LaTeX Info: Redefining \lsstyle on input line 914.
LaTeX Info: Redefining \lslig on input line 914.
\MT@outer@space=\skip56
)
Package microtype Info: Loading configuration file microtype.cfg.

(/usr/local/texlive/2020/texmf-dist/tex/latex/microtype/microtype.cfg
File: microtype.cfg 2019/11/18 v2.7d microtype main configuration file (RS)
))
(/usr/local/texlive/2020/texmf-dist/tex/latex/parskip/parskip.sty
Package: parskip 2020-01-22 v2.0d non-zero parskip adjustments

(/usr/local/texlive/2020/texmf-dist/tex/latex/kvoptions/kvoptions.sty
Package: kvoptions 2019/11/29 v3.13 Key value format for package options (HO)

(/usr/local/texlive/2020/texmf-dist/tex/generic/ltxcmds/ltxcmds.sty
Package: ltxcmds 2019/12/15 v1.24 LaTeX kernel commands for general use (HO)
)
(/usr/local/texlive/2020/texmf-dist/tex/generic/kvsetkeys/kvsetkeys.sty
Package: kvsetkeys 2019/12/15 v1.18 Key value parser (HO)
)))
(/usr/local/texlive/2020/texmf-dist/tex/latex/xcolor/xcolor.sty
Package: xcolor 2016/05/11 v2.12 LaTeX color extensions (UK)

(/usr/local/texlive/2020/texmf-dist/tex/latex/graphics-cfg/color.cfg
File: color.cfg 2016/01/02 v1.6 sample color configuration
)
Package xcolor Info: Driver file: pdftex.def on input line 225.
Package xcolor Info: Model `cmy' substituted by `cmy0' on input line 1348.
Package xcolor Info: Model `hsb' substituted by `rgb' on input line 1352.
Package xcolor Info: Model `RGB' extended on input line 1364.
Package xcolor Info: Model `HTML' substituted by `rgb' on input line 1366.
Package xcolor Info: Model `Hsb' substituted by `hsb' on input line 1367.
Package xcolor Info: Model `tHsb' substituted by `hsb' on input line 1368.
Package xcolor Info: Model `HSB' substituted by `hsb' on input line 1369.
Package xcolor Info: Model `Gray' substituted by `gray' on input line 1370.
Package xcolor Info: Model `wave' substituted by `hsb' on input line 1371.

(/usr/local/texlive/2020/texmf-dist/tex/latex/graphics/dvipsnam.def
File: dvipsnam.def 2016/06/17 v3.0m Driver-dependent file (DPC,SPQR)
)
(/usr/local/texlive/2020/texmf-dist/tex/latex/xcolor/svgnam.def
File: svgnam.def 2016/05/11 v2.12 Predefined colors according to SVG 1.1 (UK)
)
(/usr/local/texlive/2020/texmf-dist/tex/latex/xcolor/x11nam.def
File: x11nam.def 2016/05/11 v2.12 Predefined colors according to Unix/X11 (UK)
))
(/usr/local/texlive/2020/texmf-dist/tex/latex/tools/longtable.sty
Package: longtable 2020/01/07 v4.13 Multi-page Table package (DPC)
\LTleft=\skip57
\LTright=\skip58
\LTpre=\skip59
\LTpost=\skip60
\LTchunksize=\count271
\LTcapwidth=\dimen160
\LT@head=\box54
\LT@firsthead=\box55
\LT@foot=\box56
\LT@lastfoot=\box57
\LT@cols=\count272
\LT@rows=\count273
\c@LT@tables=\count274
\c@LT@chunks=\count275
\LT@p@ftn=\toks27
)
(/usr/local/texlive/2020/texmf-dist/tex/latex/booktabs/booktabs.sty
Package: booktabs 2020/01/12 v1.61803398 Publication quality tables
\heavyrulewidth=\dimen161
\lightrulewidth=\dimen162
\cmidrulewidth=\dimen163
\belowrulesep=\dimen164
\belowbottomsep=\dimen165
\aboverulesep=\dimen166
\abovetopsep=\dimen167
\cmidrulesep=\dimen168
\cmidrulekern=\dimen169
\defaultaddspace=\dimen170
\@cmidla=\count276
\@cmidlb=\count277
\@aboverulesep=\dimen171
\@belowrulesep=\dimen172
\@thisruleclass=\count278
\@lastruleclass=\count279
\@thisrulewidth=\dimen173
)
(/usr/local/texlive/2020/texmf-dist/tex/latex/tools/array.sty
Package: array 2019/08/31 v2.4l Tabular extension package (FMi)
\col@sep=\dimen174
\ar@mcellbox=\box58
\extrarowheight=\dimen175
\NC@list=\toks28
\extratabsurround=\skip61
\backup@length=\skip62
\ar@cellbox=\box59
)
(/usr/local/texlive/2020/texmf-dist/tex/latex/tools/calc.sty
Package: calc 2017/05/25 v4.3 Infix arithmetic (KKT,FJ)
\calc@Acount=\count280
\calc@Bcount=\count281
\calc@Adimen=\dimen176
\calc@Bdimen=\dimen177
\calc@Askip=\skip63
\calc@Bskip=\skip64
LaTeX Info: Redefining \setlength on input line 80.
LaTeX Info: Redefining \addtolength on input line 81.
\calc@Ccount=\count282
\calc@Cskip=\skip65
)
(/usr/local/texlive/2020/texmf-dist/tex/latex/footnotehyper/footnotehyper.sty
Package: footnotehyper 2019/11/07 v1.1a hyperref aware footnote.sty (JFB)
\FNH@notes=\box60
\FNH@width=\dimen178
)
(/usr/local/texlive/2020/texmf-dist/tex/latex/multirow/multirow.sty
Package: multirow 2019/05/31 v2.5 Span multiple rows of a table
\multirow@colwidth=\skip66
\multirow@cntb=\count283
\multirow@dima=\skip67
\bigstrutjot=\dimen179
)
(/usr/local/texlive/2020/texmf-dist/tex/latex/wrapfig/wrapfig.sty
\wrapoverhang=\dimen180
\WF@size=\dimen181
\c@WF@wrappedlines=\count284
\WF@box=\box61
\WF@everypar=\toks29
Package: wrapfig 2003/01/31  v 3.6
)
(/usr/local/texlive/2020/texmf-dist/tex/latex/float/float.sty
Package: float 2001/11/08 v1.3d Float enhancements (AL)
\c@float@type=\count285
\float@exts=\toks30
\float@box=\box62
\@float@everytoks=\toks31
\@floatcapt=\box63
)
(/usr/local/texlive/2020/texmf-dist/tex/latex/colortbl/colortbl.sty
Package: colortbl 2020/01/04 v1.0e Color table columns (DPC)
\everycr=\toks32
\minrowclearance=\skip68
)
(/usr/local/texlive/2020/texmf-dist/tex/latex/pdflscape/pdflscape.sty
Package: pdflscape 2019/12/05 v0.12 Display of landscape pages in PDF (HO)

(/usr/local/texlive/2020/texmf-dist/tex/latex/graphics/lscape.sty
Package: lscape 2000/10/22 v3.01 Landscape Pages (DPC)
)
Package pdflscape Info: Auto-detected driver: pdftex on input line 81.
)
(/usr/local/texlive/2020/texmf-dist/tex/latex/tabu/tabu.sty
Package: tabu 2019/01/11 v2.9 - flexible LaTeX tabulars (FC+tabu-fixed)

(/usr/local/texlive/2020/texmf-dist/tex/latex/varwidth/varwidth.sty
Package: varwidth 2009/03/30 ver 0.92;  Variable-width minipages
\@vwid@box=\box64
\sift@deathcycles=\count286
\@vwid@loff=\dimen182
\@vwid@roff=\dimen183
)
\c@taburow=\count287
\tabu@nbcols=\count288
\tabu@cnt=\count289
\tabu@Xcol=\count290
\tabu@alloc=\count291
\tabu@nested=\count292
\tabu@target=\dimen184
\tabu@spreadtarget=\dimen185
\tabu@naturalX=\dimen186
\tabucolX=\dimen187
\tabu@Xsum=\dimen188
\extrarowdepth=\dimen189
\abovetabulinesep=\dimen190
\belowtabulinesep=\dimen191
\tabustrutrule=\dimen192
\tabu@thebody=\toks33
\tabu@footnotes=\toks34
\tabu@box=\box65
\tabu@arstrutbox=\box66
\tabu@hleads=\box67
\tabu@vleads=\box68
\tabu@cellskip=\skip69
)
(/usr/local/texlive/2020/texmf-dist/tex/latex/threeparttable/threeparttable.sty
Package: threeparttable 2003/06/13  v 3.0
\@tempboxb=\box69
)
(/usr/local/texlive/2020/texmf-dist/tex/latex/threeparttablex/threeparttablex.s
ty
Package: threeparttablex 2013/07/23 v0.3 by daleif
 (/usr/local/texlive/2020/texmf-dist/tex/latex/environ/environ.sty
Package: environ 2014/05/04 v0.3 A new way to define environments

(/usr/local/texlive/2020/texmf-dist/tex/latex/trimspaces/trimspaces.sty
Package: trimspaces 2009/09/17 v1.1 Trim spaces around a token list
))
\TPTL@width=\skip70
)
(/usr/local/texlive/2020/texmf-dist/tex/generic/ulem/ulem.sty
\UL@box=\box70
\UL@hyphenbox=\box71
\UL@skip=\skip71
\UL@hook=\toks35
\UL@height=\dimen193
\UL@pe=\count293
\UL@pixel=\dimen194
\ULC@box=\box72
Package: ulem 2019/11/18
\ULdepth=\dimen195
)
(/usr/local/texlive/2020/texmf-dist/tex/latex/makecell/makecell.sty
Package: makecell 2009/08/03 V0.1e Managing of Tab Column Heads and Cells
\rotheadsize=\dimen196
\c@nlinenum=\count294
\TeXr@lab=\toks36
)
(/usr/local/texlive/2020/texmf-dist/tex/latex/caption/caption.sty
Package: caption 2020/01/03 v3.4h Customizing captions (AR)

(/usr/local/texlive/2020/texmf-dist/tex/latex/caption/caption3.sty
Package: caption3 2020/01/03 v1.8h caption3 kernel (AR)
Package caption3 Info: TeX engine: e-TeX on input line 61.
\captionmargin=\dimen197
\captionmargin@=\dimen198
\captionwidth=\dimen199
\caption@tempdima=\dimen256
\caption@indent=\dimen257
\caption@parindent=\dimen258
\caption@hangindent=\dimen259
Package caption Info: elsarticle document class detected.
)
\c@caption@flags=\count295
\c@continuedfloat=\count296
Package caption Info: float package is loaded.
Package caption Info: longtable package is loaded.

(/usr/local/texlive/2020/texmf-dist/tex/latex/caption/ltcaption.sty
Package: ltcaption 2018/08/26 v1.4a longtable captions (AR)
)
Package caption Info: threeparttable package is loaded.
Package caption Info: wrapfig package is loaded.
)
\@float@every@codelisting=\toks37
\c@codelisting=\count297

(/usr/local/texlive/2020/texmf-dist/tex/latex/caption/subcaption.sty
Package: subcaption 2020/01/22 v1.3d Sub-captions (AR)
\c@subfigure=\count298
\c@subtable=\count299
)
(/usr/local/texlive/2020/texmf-dist/tex/latex/bookmark/bookmark.sty
Package: bookmark 2019/12/03 v1.28 PDF bookmarks (HO)

(/usr/local/texlive/2020/texmf-dist/tex/latex/hyperref/hyperref.sty
Package: hyperref 2020/01/14 v7.00d Hypertext links for LaTeX

(/usr/local/texlive/2020/texmf-dist/tex/latex/pdftexcmds/pdftexcmds.sty
Package: pdftexcmds 2019/11/24 v0.31 Utility functions of pdfTeX for LuaTeX (HO
)

(/usr/local/texlive/2020/texmf-dist/tex/generic/infwarerr/infwarerr.sty
Package: infwarerr 2019/12/03 v1.5 Providing info/warning/error messages (HO)
)
Package pdftexcmds Info: \pdf@primitive is available.
Package pdftexcmds Info: \pdf@ifprimitive is available.
Package pdftexcmds Info: \pdfdraftmode found.
)
(/usr/local/texlive/2020/texmf-dist/tex/generic/kvdefinekeys/kvdefinekeys.sty
Package: kvdefinekeys 2019-12-19 v1.6 Define keys (HO)
)
(/usr/local/texlive/2020/texmf-dist/tex/generic/pdfescape/pdfescape.sty
Package: pdfescape 2019/12/09 v1.15 Implements pdfTeX's escape features (HO)
)
(/usr/local/texlive/2020/texmf-dist/tex/latex/hycolor/hycolor.sty
Package: hycolor 2020-01-27 v1.10 Color options for hyperref/bookmark (HO)
)
(/usr/local/texlive/2020/texmf-dist/tex/latex/letltxmacro/letltxmacro.sty
Package: letltxmacro 2019/12/03 v1.6 Let assignment for LaTeX macros (HO)
)
(/usr/local/texlive/2020/texmf-dist/tex/latex/auxhook/auxhook.sty
Package: auxhook 2019-12-17 v1.6 Hooks for auxiliary files (HO)
)
\@linkdim=\dimen260
\Hy@linkcounter=\count300
\Hy@pagecounter=\count301

(/usr/local/texlive/2020/texmf-dist/tex/latex/hyperref/pd1enc.def
File: pd1enc.def 2020/01/14 v7.00d Hyperref: PDFDocEncoding definition (HO)
Now handling font encoding PD1 ...
... no UTF-8 mapping file for font encoding PD1
)
(/usr/local/texlive/2020/texmf-dist/tex/generic/intcalc/intcalc.sty
Package: intcalc 2019/12/15 v1.3 Expandable calculations with integers (HO)
)
(/usr/local/texlive/2020/texmf-dist/tex/generic/etexcmds/etexcmds.sty
Package: etexcmds 2019/12/15 v1.7 Avoid name clashes with e-TeX commands (HO)
)
\Hy@SavedSpaceFactor=\count302
Package hyperref Info: Option `unicode' set `true' on input line 4421.

(/usr/local/texlive/2020/texmf-dist/tex/latex/hyperref/puenc.def
File: puenc.def 2020/01/14 v7.00d Hyperref: PDF Unicode definition (HO)
Now handling font encoding PU ...
... no UTF-8 mapping file for font encoding PU
)
Package hyperref Info: Hyper figures OFF on input line 4547.
Package hyperref Info: Link nesting OFF on input line 4552.
Package hyperref Info: Hyper index ON on input line 4555.
Package hyperref Info: Plain pages OFF on input line 4562.
Package hyperref Info: Backreferencing OFF on input line 4567.
Package hyperref Info: Implicit mode ON; LaTeX internals redefined.
Package hyperref Info: Bookmarks ON on input line 4800.
\c@Hy@tempcnt=\count303

(/usr/local/texlive/2020/texmf-dist/tex/latex/url/url.sty
\Urlmuskip=\muskip17
Package: url 2013/09/16  ver 3.4  Verb mode for urls, etc.
)
LaTeX Info: Redefining \url on input line 5159.
\XeTeXLinkMargin=\dimen261

(/usr/local/texlive/2020/texmf-dist/tex/generic/bitset/bitset.sty
Package: bitset 2019/12/09 v1.3 Handle bit-vector datatype (HO)

(/usr/local/texlive/2020/texmf-dist/tex/generic/bigintcalc/bigintcalc.sty
Package: bigintcalc 2019/12/15 v1.5 Expandable calculations on big integers (HO
)
))
\Fld@menulength=\count304
\Field@Width=\dimen262
\Fld@charsize=\dimen263
Package hyperref Info: Hyper figures OFF on input line 6430.
Package hyperref Info: Link nesting OFF on input line 6435.
Package hyperref Info: Hyper index ON on input line 6438.
Package hyperref Info: backreferencing OFF on input line 6445.
Package hyperref Info: Link coloring OFF on input line 6450.
Package hyperref Info: Link coloring with OCG OFF on input line 6455.
Package hyperref Info: PDF/A mode OFF on input line 6460.
LaTeX Info: Redefining \ref on input line 6500.
LaTeX Info: Redefining \pageref on input line 6504.

(/usr/local/texlive/2020/texmf-dist/tex/generic/atbegshi/atbegshi.sty
Package: atbegshi 2019/12/05 v1.19 At begin shipout hook (HO)
)
\Hy@abspage=\count305
\c@Item=\count306
\c@Hfootnote=\count307
)
Package hyperref Info: Driver (autodetected): hpdftex.

(/usr/local/texlive/2020/texmf-dist/tex/latex/hyperref/hpdftex.def
File: hpdftex.def 2020/01/14 v7.00d Hyperref driver for pdfTeX

(/usr/local/texlive/2020/texmf-dist/tex/latex/atveryend/atveryend.sty
Package: atveryend 2019-12-11 v1.11 Hooks at the very end of document (HO)
)
\Fld@listcount=\count308
\c@bookmark@seq@number=\count309

(/usr/local/texlive/2020/texmf-dist/tex/latex/rerunfilecheck/rerunfilecheck.sty
Package: rerunfilecheck 2019/12/05 v1.9 Rerun checks for auxiliary files (HO)

(/usr/local/texlive/2020/texmf-dist/tex/generic/uniquecounter/uniquecounter.sty
Package: uniquecounter 2019/12/15 v1.4 Provide unlimited unique counter (HO)
)
Package uniquecounter Info: New unique counter `rerunfilecheck' on input line 2
86.
)
\Hy@SectionHShift=\skip72
) (/usr/local/texlive/2020/texmf-dist/tex/latex/bookmark/bkm-pdftex.def
File: bkm-pdftex.def 2019/12/03 v1.28 bookmark driver for pdfTeX (HO)
\BKM@id=\count310
))
(/usr/local/texlive/2020/texmf-dist/tex/latex/xurl/xurl.sty
Package: xurl 2020/01/24 v 0.09 modify URL breaks
)
Package hyperref Info: Option `colorlinks' set `true' on input line 167.
 (./appendix.aux)
\openout1 = `appendix.aux'.

LaTeX Font Info:    Checking defaults for OML/cmm/m/it on input line 171.
LaTeX Font Info:    ... okay on input line 171.
LaTeX Font Info:    Checking defaults for OMS/cmsy/m/n on input line 171.
LaTeX Font Info:    ... okay on input line 171.
LaTeX Font Info:    Checking defaults for OT1/cmr/m/n on input line 171.
LaTeX Font Info:    ... okay on input line 171.
LaTeX Font Info:    Checking defaults for T1/cmr/m/n on input line 171.
LaTeX Font Info:    ... okay on input line 171.
LaTeX Font Info:    Checking defaults for TS1/cmr/m/n on input line 171.
LaTeX Font Info:    ... okay on input line 171.
LaTeX Font Info:    Checking defaults for OMX/cmex/m/n on input line 171.
LaTeX Font Info:    ... okay on input line 171.
LaTeX Font Info:    Checking defaults for U/cmr/m/n on input line 171.
LaTeX Font Info:    ... okay on input line 171.
LaTeX Font Info:    Checking defaults for PD1/pdf/m/n on input line 171.
LaTeX Font Info:    ... okay on input line 171.
LaTeX Font Info:    Checking defaults for PU/pdf/m/n on input line 171.
LaTeX Font Info:    ... okay on input line 171.
LaTeX Font Info:    Trying to load font information for T1+lmr on input line 17
1.

(/usr/local/texlive/2020/texmf-dist/tex/latex/lm/t1lmr.fd
File: t1lmr.fd 2009/10/30 v1.6 Font defs for Latin Modern
)
(/usr/local/texlive/2020/texmf-dist/tex/context/base/mkii/supp-pdf.mkii
[Loading MPS to PDF converter (version 2006.09.02).]
\scratchcounter=\count311
\scratchdimen=\dimen264
\scratchbox=\box73
\nofMPsegments=\count312
\nofMParguments=\count313
\everyMPshowfont=\toks38
\MPscratchCnt=\count314
\MPscratchDim=\dimen265
\MPnumerator=\count315
\makeMPintoPDFobject=\count316
\everyMPtoPDFconversion=\toks39
) (/usr/local/texlive/2020/texmf-dist/tex/latex/epstopdf-pkg/epstopdf-base.sty
Package: epstopdf-base 2020-01-24 v2.11 Base part for package epstopdf
Package epstopdf-base Info: Redefining graphics rule for `.eps' on input line 4
85.

(/usr/local/texlive/2020/texmf-dist/tex/latex/latexconfig/epstopdf-sys.cfg
File: epstopdf-sys.cfg 2010/07/13 v1.3 Configuration of (r)epstopdf for TeX Liv
e
))
*geometry* driver: auto-detecting
*geometry* detected driver: pdftex
*geometry* verbose mode - [ preamble ] result:
* driver: pdftex
* paper: custom
* layout: <same size as paper>
* layoutoffset:(h,v)=(0.0pt,0.0pt)
* hratio: 1:1
* vratio: 1:1
* modes: 
* h-part:(L,W,R)=(64.75394pt, 468.0pt, 64.75394pt)
* v-part:(T,H,B)=(111.52342pt, 622.0pt, 111.52342pt)
* \paperwidth=597.50787pt
* \paperheight=845.04684pt
* \textwidth=468.0pt
* \textheight=622.0pt
* \oddsidemargin=-7.51605pt
* \evensidemargin=-7.51605pt
* \topmargin=-22.74657pt
* \headheight=50.0pt
* \headsep=12.0pt
* \topskip=10.0pt
* \footskip=18.0pt
* \marginparwidth=65.0pt
* \marginparsep=11.0pt
* \columnsep=24.0pt
* \skip\footins=24.0pt plus 2.0pt minus 12.0pt
* \hoffset=0.0pt
* \voffset=0.0pt
* \mag=1000
* \@twocolumnfalse
* \@twosidefalse
* \@mparswitchfalse
* \@reversemarginfalse
* (1in=72.27pt=25.4mm, 1cm=28.453pt)

LaTeX Info: Redefining \microtypecontext on input line 171.
Package microtype Info: Generating PDF output.
Package microtype Info: Character protrusion enabled (level 2).
Package microtype Info: Using protrusion set `basicmath'.
Package microtype Info: Automatic font expansion enabled (level 2),
(microtype)             stretch: 20, shrink: 20, step: 1, non-selected.
Package microtype Info: Using default expansion set `basictext'.
LaTeX Info: Redefining \showhyphens on input line 171.
Package microtype Info: No adjustment of tracking.
Package microtype Info: No adjustment of interword spacing.
Package microtype Info: No adjustment of character kerning.
(/usr/local/texlive/2020/texmf-dist/tex/latex/microtype/mt-cmr.cfg
File: mt-cmr.cfg 2013/05/19 v2.2 microtype config. file: Computer Modern Roman 
(RS)
)
Package caption Info: Begin \AtBeginDocument code.
Package caption Info: hyperref package is loaded.
Package caption Info: End \AtBeginDocument code.
\AtBeginShipoutBox=\box74
Package hyperref Info: Link coloring ON on input line 171.

(/usr/local/texlive/2020/texmf-dist/tex/latex/hyperref/nameref.sty
Package: nameref 2019/09/16 v2.46 Cross-referencing by name of section

(/usr/local/texlive/2020/texmf-dist/tex/latex/refcount/refcount.sty
Package: refcount 2019/12/15 v3.6 Data extraction from label references (HO)
)
(/usr/local/texlive/2020/texmf-dist/tex/generic/gettitlestring/gettitlestring.s
ty
Package: gettitlestring 2019/12/15 v1.6 Cleanup title references (HO)
)
\c@section@level=\count317
)
LaTeX Info: Redefining \ref on input line 171.
LaTeX Info: Redefining \pageref on input line 171.
LaTeX Info: Redefining \nameref on input line 171.
LaTeX Font Info:    Trying to load font information for OT1+lmr on input line 1
97.
 (/usr/local/texlive/2020/texmf-dist/tex/latex/lm/ot1lmr.fd
File: ot1lmr.fd 2009/10/30 v1.6 Font defs for Latin Modern
)
LaTeX Font Info:    Trying to load font information for OML+lmm on input line 1
97.

(/usr/local/texlive/2020/texmf-dist/tex/latex/lm/omllmm.fd
File: omllmm.fd 2009/10/30 v1.6 Font defs for Latin Modern
)
LaTeX Font Info:    Trying to load font information for OMS+lmsy on input line 
197.

(/usr/local/texlive/2020/texmf-dist/tex/latex/lm/omslmsy.fd
File: omslmsy.fd 2009/10/30 v1.6 Font defs for Latin Modern
)
LaTeX Font Info:    Trying to load font information for OMX+lmex on input line 
197.

(/usr/local/texlive/2020/texmf-dist/tex/latex/lm/omxlmex.fd
File: omxlmex.fd 2009/10/30 v1.6 Font defs for Latin Modern
)
LaTeX Font Info:    External font `lmex10' loaded for size
(Font)              <10> on input line 197.
LaTeX Font Info:    External font `lmex10' loaded for size
(Font)              <7> on input line 197.
LaTeX Font Info:    External font `lmex10' loaded for size
(Font)              <5> on input line 197.
LaTeX Font Info:    Trying to load font information for U+msa on input line 197
.

(/usr/local/texlive/2020/texmf-dist/tex/latex/amsfonts/umsa.fd
File: umsa.fd 2013/01/14 v3.01 AMS symbols A
)
(/usr/local/texlive/2020/texmf-dist/tex/latex/microtype/mt-msa.cfg
File: mt-msa.cfg 2006/02/04 v1.1 microtype config. file: AMS symbols (a) (RS)
)
LaTeX Font Info:    Trying to load font information for U+msb on input line 197
.

(/usr/local/texlive/2020/texmf-dist/tex/latex/amsfonts/umsb.fd
File: umsb.fd 2013/01/14 v3.01 AMS symbols B
)
(/usr/local/texlive/2020/texmf-dist/tex/latex/microtype/mt-msb.cfg
File: mt-msb.cfg 2005/06/01 v1.0 microtype config. file: AMS symbols (b) (RS)
)
<../../outputs/s/s_uk_per_firm_10.png, id=4, 526.8483pt x 325.215pt>
File: ../../outputs/s/s_uk_per_firm_10.png Graphic file (type png)
<use ../../outputs/s/s_uk_per_firm_10.png>
Package pdftex.def Info: ../../outputs/s/s_uk_per_firm_10.png  used on input li
ne 204.
(pdftex.def)             Requested size: 468.00117pt x 288.88962pt.
<../../outputs/s/speed_map_10.png, id=6, 526.8483pt x 325.215pt>
File: ../../outputs/s/speed_map_10.png Graphic file (type png)
<use ../../outputs/s/speed_map_10.png>
Package pdftex.def Info: ../../outputs/s/speed_map_10.png  used on input line 2
15.
(pdftex.def)             Requested size: 468.00117pt x 288.88962pt.

Overfull \hbox (2.22221pt too wide) has occurred while \output is active
[] 
 []

[1

{/usr/local/texlive/2020/texmf-var/fonts/map/pdftex/updmap/pdftex.map} <../../o
utputs/s/s_uk_per_firm_10.png>]
<../../outputs/ranks/web_per_firm2000_2012_only0595_av_10.png, id=19, 526.8483p
t x 325.215pt>
File: ../../outputs/ranks/web_per_firm2000_2012_only0595_av_10.png Graphic file
 (type png)
<use ../../outputs/ranks/web_per_firm2000_2012_only0595_av_10.png>
Package pdftex.def Info: ../../outputs/ranks/web_per_firm2000_2012_only0595_av_
10.png  used on input line 226.
(pdftex.def)             Requested size: 468.00117pt x 288.88962pt.
 [2 <../../outputs/s/speed_map_10.png>]
<appendix_files/figure-pdf/morani10-1.pdf, id=27, 390.45876pt x 236.885pt>
File: appendix_files/figure-pdf/morani10-1.pdf Graphic file (type pdf)
<use appendix_files/figure-pdf/morani10-1.pdf>
Package pdftex.def Info: appendix_files/figure-pdf/morani10-1.pdf  used on inpu
t line 237.
(pdftex.def)             Requested size: 468.02386pt x 283.94249pt.

[3 <../../outputs/ranks/web_per_firm2000_2012_only0595_av_10.png>]
<appendix_files/figure-pdf/unnamed-chunk-4-1.pdf, id=34, 144.54pt x 232.87pt>
File: appendix_files/figure-pdf/unnamed-chunk-4-1.pdf Graphic file (type pdf)
<use appendix_files/figure-pdf/unnamed-chunk-4-1.pdf>
Package pdftex.def Info: appendix_files/figure-pdf/unnamed-chunk-4-1.pdf  used 
on input line 248.
(pdftex.def)             Requested size: 308.88904pt x 497.65462pt.
 [4 <./appendix_files/figure-pdf/morani10-1.pdf>]
<appendix_files/figure-pdf/gini10-1.pdf, id=47, 387.4475pt x 236.885pt>
File: appendix_files/figure-pdf/gini10-1.pdf Graphic file (type pdf)
<use appendix_files/figure-pdf/gini10-1.pdf>
Package pdftex.def Info: appendix_files/figure-pdf/gini10-1.pdf  used on input 
line 259.
(pdftex.def)             Requested size: 468.0089pt x 286.14014pt.
 [5 <./appendix_files/figure-pdf/unnamed-chunk-4-1.pdf>]
<appendix_files/figure-pdf/varimp10-1.pdf, id=65, 378.41376pt x 236.885pt>
File: appendix_files/figure-pdf/varimp10-1.pdf Graphic file (type pdf)
<use appendix_files/figure-pdf/varimp10-1.pdf>
Package pdftex.def Info: appendix_files/figure-pdf/varimp10-1.pdf  used on inpu
t line 270.
(pdftex.def)             Requested size: 468.00409pt x 292.96806pt.
 [6 <./appendix_files/figure-pdf/gini10-1.pdf>] [7 <./appendix_files/figure-pdf
/varimp10-1.pdf>] [8] [9] [10] [11] [12] [13] [14]
Package atveryend Info: Empty hook `BeforeClearDocument' on input line 756.
 [15]
Package atveryend Info: Empty hook `AfterLastShipout' on input line 756.

(./appendix.aux)
Package atveryend Info: Executing hook `AtVeryEndDocument' on input line 756.
Package atveryend Info: Empty hook `AtEndAfterFileList' on input line 756.
 ) 
Here is how much of TeX's memory you used:
 17232 strings out of 480608
 262480 string characters out of 5903631
 645522 words of memory out of 5000000
 32765 multiletter control sequences out of 15000+600000
 562630 words of font info for 57 fonts, out of 8000000 for 9000
 1141 hyphenation exceptions out of 8191
 41i,10n,49p,777b,473s stack positions out of 5000i,500n,10000p,200000b,80000s
{/usr/local/texlive/2020/texmf-dist/fonts/enc/dvips/lm/lm-mathsy.enc}{/usr/lo
cal/texlive/2020/texmf-dist/fonts/enc/dvips/lm/lm-mathit.enc}{/usr/local/texliv
e/2020/texmf-dist/fonts/enc/dvips/lm/lm-rm.enc}{/usr/local/texlive/2020/texmf-d
ist/fonts/enc/dvips/lm/lm-ec.enc}</usr/local/texlive/2020/texmf-dist/fonts/type
1/public/lm/lmbx10.pfb></usr/local/texlive/2020/texmf-dist/fonts/type1/public/l
m/lmmi10.pfb></usr/local/texlive/2020/texmf-dist/fonts/type1/public/lm/lmmi7.pf
b></usr/local/texlive/2020/texmf-dist/fonts/type1/public/lm/lmr10.pfb></usr/loc
al/texlive/2020/texmf-dist/fonts/type1/public/lm/lmr12.pfb></usr/local/texlive/
2020/texmf-dist/fonts/type1/public/lm/lmr7.pfb></usr/local/texlive/2020/texmf-d
ist/fonts/type1/public/lm/lmr8.pfb></usr/local/texlive/2020/texmf-dist/fonts/ty
pe1/public/lm/lmri8.pfb></usr/local/texlive/2020/texmf-dist/fonts/type1/public/
lm/lmsy10.pfb></usr/local/texlive/2020/texmf-dist/fonts/type1/public/lm/lmsy7.p
fb>
Output written on appendix.pdf (15 pages, 3465004 bytes).
PDF statistics:
 186 PDF objects out of 1000 (max. 8388607)
 132 compressed objects within 2 object streams
 28 named destinations out of 1000 (max. 500000)
 8236 words of extra memory for PDF output out of 10000 (max. 10000000)

